<?xml version="1.0" encoding="UTF-8"?>
<testng-results skipped="0" failed="0" total="1" passed="1">
  <reporter-output>
  </reporter-output>
  <suite name="Default suite" duration-ms="25227" started-at="2015-10-27T06:33:03Z" finished-at="2015-10-27T06:33:28Z">
    <groups>
    </groups>
    <test name="Default test" duration-ms="25227" started-at="2015-10-27T06:33:03Z" finished-at="2015-10-27T06:33:28Z">
      <class name="testingautomation.Application">
        <test-method status="PASS" signature="beforeClass()[pri:0, instance:testingautomation.Application@56da6bf4]" name="beforeClass" is-config="true" duration-ms="12226" started-at="2015-10-27T01:33:03Z" finished-at="2015-10-27T01:33:16Z">
          <reporter-output>
          </reporter-output>
        </test-method> <!-- beforeClass -->
        <test-method status="PASS" signature="apply()[pri:0, instance:testingautomation.Application@56da6bf4]" name="apply" duration-ms="12343" started-at="2015-10-27T01:33:16Z" finished-at="2015-10-27T01:33:28Z">
          <reporter-output>
          </reporter-output>
        </test-method> <!-- apply -->
        <test-method status="PASS" signature="afterClass()[pri:0, instance:testingautomation.Application@56da6bf4]" name="afterClass" is-config="true" duration-ms="614" started-at="2015-10-27T01:33:28Z" finished-at="2015-10-27T01:33:28Z">
          <reporter-output>
          </reporter-output>
        </test-method> <!-- afterClass -->
      </class> <!-- testingautomation.Application -->
    </test> <!-- Default test -->
  </suite> <!-- Default suite -->
</testng-results>
